<?xml version="1.0" encoding="UTF-8"?>
<!-- Generated by org.testng.reporters.JUnitReportReporter -->
<testsuite hostname="DESKTOP-1B76EAG" failures="0" tests="4" name="TestNG.testcasepriority" time="0.020" errors="0" timestamp="2022-08-14T15:01:27 IST" skipped="0">
  <testcase classname="TestNG.testcasepriority" name="test_4" time="0.013"/>
  <system-out/>
  <testcase classname="TestNG.testcasepriority" name="test_3" time="0.002"/>
  <system-out/>
  <testcase classname="TestNG.testcasepriority" name="test_1" time="0.002"/>
  <system-out/>
  <testcase classname="TestNG.testcasepriority" name="test_2" time="0.003"/>
  <system-out/>
</testsuite> <!-- TestNG.testcasepriority -->
