<?xml version="1.0" encoding="UTF-8"?>
<!-- Generated by org.testng.reporters.JUnitReportReporter -->
<testsuite hostname="DESKTOP-1B76EAG" failures="0" tests="4" name="TestNG.Groups" time="0.023" errors="0" timestamp="2022-08-15T17:21:03 IST" skipped="0">
  <testcase classname="TestNG.Groups" name="A" time="0.015"/>
  <system-out/>
  <testcase classname="TestNG.Groups" name="C" time="0.003"/>
  <system-out/>
  <testcase classname="TestNG.Groups" name="B" time="0.002"/>
  <system-out/>
  <testcase classname="TestNG.Groups" name="D" time="0.003"/>
  <system-out/>
</testsuite> <!-- TestNG.Groups -->
