<?xml version="1.0" encoding="UTF-8"?>
<!-- Generated by org.testng.reporters.JUnitReportReporter -->
<testsuite hostname="DESKTOP-1B76EAG" failures="0" tests="3" name="TestNG2.Test_D_1" time="9.145" errors="0" timestamp="2022-08-16T19:11:36 IST" skipped="0">
  <testcase classname="TestNG2.Test_D_1" name="B" time="2.293"/>
  <system-out/>
  <testcase classname="TestNG2.Test_D_1" name="A" time="2.197"/>
  <system-out/>
  <testcase classname="TestNG2.Test_D_1" name="C" time="4.655"/>
  <system-out/>
</testsuite> <!-- TestNG2.Test_D_1 -->
