<?xml version="1.0" encoding="UTF-8"?>
<!-- Generated by org.testng.reporters.JUnitReportReporter -->
<testsuite hostname="DESKTOP-1B76EAG" failures="0" tests="2" name="TestNG.Test_1" time="11.615" errors="0" timestamp="2022-08-14T18:49:22 IST" skipped="0">
  <testcase classname="TestNG.Test_1" name="test_2" time="6.684"/>
  <system-out/>
  <testcase classname="TestNG.Test_1" name="test_1" time="4.931"/>
  <system-out/>
</testsuite> <!-- TestNG.Test_1 -->
