<?xml version="1.0" encoding="UTF-8"?>
<!-- Generated by org.testng.reporters.JUnitReportReporter -->
<testsuite hostname="DESKTOP-1B76EAG" failures="0" tests="3" name="TestNG.enabledfalse" time="0.015" errors="0" timestamp="2022-08-14T19:01:40 IST" skipped="1">
  <testcase classname="TestNG.enabledfalse" name="c" time="0.002"/>
  <system-out/>
  <testcase classname="TestNG.enabledfalse" name="A" time="0.013"/>
  <system-out/>
  <testcase classname="TestNG.enabledfalse" name="B">
    <skipped/>
  </testcase> <!-- B -->
  <system-out/>
</testsuite> <!-- TestNG.enabledfalse -->
