<?xml version="1.0" encoding="UTF-8"?>
<!-- Generated by org.testng.reporters.JUnitReportReporter -->
<testsuite hostname="DESKTOP-1B76EAG" failures="0" tests="1" name="TestNG2.Test_D_2" time="50.985" errors="0" timestamp="2022-08-17T11:48:23 IST" skipped="0">
  <testcase classname="TestNG2.Test_D_2" name="test_1" time="50.985"/>
  <system-out/>
</testsuite> <!-- TestNG2.Test_D_2 -->
