<?xml version="1.0" encoding="UTF-8"?>
<!-- Generated by org.testng.reporters.JUnitReportReporter -->
<testsuite hostname="DESKTOP-1B76EAG" failures="0" tests="7" name="TestNG.invocationcount" time="37.481" errors="0" timestamp="2022-08-14T18:49:22 IST" skipped="0">
  <testcase classname="TestNG.invocationcount" name="test_3" time="5.611"/>
  <system-out/>
  <testcase classname="TestNG.invocationcount" name="test_1" time="4.411"/>
  <system-out/>
  <testcase classname="TestNG.invocationcount" name="test_2" time="8.269"/>
  <system-out/>
  <testcase classname="TestNG.invocationcount" name="test_4" time="4.428"/>
  <system-out/>
  <testcase classname="TestNG.invocationcount" name="test_2" time="5.933"/>
  <system-out/>
  <testcase classname="TestNG.invocationcount" name="test_2" time="4.439"/>
  <system-out/>
  <testcase classname="TestNG.invocationcount" name="test_2" time="4.390"/>
  <system-out/>
</testsuite> <!-- TestNG.invocationcount -->
