<?xml version="1.0" encoding="UTF-8"?>
<!-- Generated by org.testng.reporters.JUnitReportReporter -->
<testsuite hostname="DESKTOP-1B76EAG" failures="0" tests="2" name="TestNG.Anotation" time="0.021" errors="0" timestamp="2022-08-14T18:49:22 IST" skipped="0">
  <testcase classname="TestNG.Anotation" name="test_1" time="0.008"/>
  <system-out/>
  <testcase classname="TestNG.Anotation" name="test_2" time="0.013"/>
  <system-out/>
</testsuite> <!-- TestNG.Anotation -->
