<?xml version="1.0" encoding="UTF-8"?>
<!-- Generated by org.testng.reporters.JUnitReportReporter -->
<testsuite hostname="DESKTOP-1B76EAG" failures="0" tests="4" name="TestNG.Executionbyalphabeticalorder" time="0.020" errors="0" timestamp="2022-08-14T14:17:11 IST" skipped="0">
  <testcase classname="TestNG.Executionbyalphabeticalorder" name="A" time="0.014"/>
  <system-out/>
  <testcase classname="TestNG.Executionbyalphabeticalorder" name="D" time="0.002"/>
  <system-out/>
  <testcase classname="TestNG.Executionbyalphabeticalorder" name="B" time="0.002"/>
  <system-out/>
  <testcase classname="TestNG.Executionbyalphabeticalorder" name="C" time="0.002"/>
  <system-out/>
</testsuite> <!-- TestNG.Executionbyalphabeticalorder -->
