<?xml version="1.0" encoding="UTF-8"?>
<!-- Generated by org.testng.reporters.JUnitReportReporter -->
<testsuite hostname="DESKTOP-1B76EAG" failures="0" tests="1" name="Test_Varify.Test_2" time="1.077" errors="0" timestamp="2022-08-21T16:44:13 IST" skipped="0">
  <testcase classname="Test_Varify.Test_2" name="test_01" time="1.077"/>
  <system-out/>
</testsuite> <!-- Test_Varify.Test_2 -->
