<?xml version="1.0" encoding="UTF-8"?>
<!-- Generated by org.testng.reporters.JUnitReportReporter -->
<testsuite hostname="DESKTOP-1B76EAG" failures="0" tests="1" name="TestNG2.Test_D_3" time="21.084" errors="0" timestamp="2022-08-17T12:05:53 IST" skipped="0">
  <testcase classname="TestNG2.Test_D_3" name="test_1" time="21.084"/>
  <system-out/>
</testsuite> <!-- TestNG2.Test_D_3 -->
