<?xml version="1.0" encoding="UTF-8"?>
<!-- Generated by org.testng.reporters.JUnitReportReporter -->
<testsuite hostname="DESKTOP-1B76EAG" failures="0" tests="2" name="TestNG.test" time="0.016" errors="0" timestamp="2022-08-09T08:43:12 IST" skipped="0">
  <testcase classname="TestNG.test" name="test_000_1" time="0.014"/>
  <system-out/>
  <testcase classname="TestNG.test" name="test_000_2" time="0.002"/>
  <system-out/>
</testsuite> <!-- TestNG.test -->
