<?xml version="1.0" encoding="UTF-8"?>
<!-- Generated by org.testng.reporters.JUnitReportReporter -->
<testsuite hostname="DESKTOP-1B76EAG" failures="0" tests="1" name="Test_Varify.Test_1" time="3.326" errors="0" timestamp="2022-08-21T16:41:50 IST" skipped="0">
  <testcase classname="Test_Varify.Test_1" name="test_01" time="3.326"/>
  <system-out/>
</testsuite> <!-- Test_Varify.Test_1 -->
