<?xml version="1.0" encoding="UTF-8"?>
<!-- Generated by org.testng.reporters.JUnitReportReporter -->
<testsuite hostname="DESKTOP-1B76EAG" failures="0" tests="1" name="iframe.Iframe" time="22.083" errors="0" timestamp="2022-08-24T17:08:36 IST" skipped="0">
  <testcase classname="iframe.Iframe" name="iframe" time="22.083"/>
  <system-out/>
</testsuite> <!-- iframe.Iframe -->
